  ConsoleApplication1.cpp
ConsoleApplication1.cpp(28): warning C4129: ' ': unrecognized character escape sequence
ConsoleApplication1.cpp(148): warning C4244: 'argument': conversion from 'float' to 'int', possible loss of data
ConsoleApplication1.cpp(149): warning C4244: 'argument': conversion from 'float' to 'int', possible loss of data
ConsoleApplication1.cpp(160): warning C4244: 'initializing': conversion from 'float' to 'int', possible loss of data
ConsoleApplication1.cpp(161): warning C4244: 'initializing': conversion from 'float' to 'int', possible loss of data
ConsoleApplication1.cpp(162): warning C4244: 'initializing': conversion from 'float' to 'int', possible loss of data
ConsoleApplication1.cpp(163): warning C4244: 'initializing': conversion from 'float' to 'int', possible loss of data
ConsoleApplication1.cpp(227): warning C4244: 'argument': conversion from 'double' to 'int', possible loss of data
ConsoleApplication1.cpp(232): warning C4244: 'argument': conversion from 'double' to 'int', possible loss of data
ConsoleApplication1.cpp(235): warning C4244: 'argument': conversion from 'double' to 'int', possible loss of data
ConsoleApplication1.cpp(240): warning C4244: 'argument': conversion from 'double' to 'int', possible loss of data
ConsoleApplication1.cpp(243): warning C4244: 'argument': conversion from 'double' to 'int', possible loss of data
ConsoleApplication1.cpp(248): warning C4244: 'argument': conversion from 'double' to 'int', possible loss of data
ConsoleApplication1.cpp(251): warning C4244: 'argument': conversion from 'double' to 'int', possible loss of data
  stdafx.cpp
  Generating Code...
d:\hafizh l3r\opencv\build\include\opencv2\core\cvstd.hpp(599): warning C4793: 'cv::String::String': function compiled as native:
  	Found an intrinsic not supported in managed code
d:\hafizh l3r\opencv\build\include\opencv2\core\mat.inl.hpp(392): warning C4793: 'cv::Mat::Mat': function compiled as native:
  	Found an intrinsic not supported in managed code
d:\hafizh l3r\opencv\build\include\opencv2\core\fast_math.hpp(204): warning C4793: '`anonymous namespace'::cvRound': function compiled as native:
  	Found an intrinsic not supported in managed code
d:\hafizh l3r\opencv\build\include\opencv2\core\fast_math.hpp(205): warning C4793: '`anonymous namespace'::cvRound': function compiled as native:
  	Found an intrinsic not supported in managed code
d:\hafizh l3r\opencv\build\include\opencv2\core\mat.inl.hpp(681): warning C4793: 'cv::Mat::release': function compiled as native:
  	Found an intrinsic not supported in managed code
d:\hafizh l3r\opencv\build\include\opencv2\core\mat.inl.hpp(1872): warning C4793: 'cv::SparseMat::addref': function compiled as native:
  	Found an intrinsic not supported in managed code
d:\hafizh l3r\opencv\build\include\opencv2\core\mat.inl.hpp(3473): warning C4793: 'cv::UMat::addref': function compiled as native:
  	Found an intrinsic not supported in managed code
d:\hafizh l3r\opencv\build\include\opencv2\core\ptr.inl.hpp(67): warning C4793: 'cv::detail::PtrOwner::incRef': function compiled as native:
  	Found an intrinsic not supported in managed code
d:\hafizh l3r\opencv\build\include\opencv2\core\ptr.inl.hpp(72): warning C4793: 'cv::detail::PtrOwner::decRef': function compiled as native:
  	Found an intrinsic not supported in managed code
  .NETFramework,Version=v4.0.AssemblyAttributes.cpp
  LINK : /LTCG specified but no code generation required; remove /LTCG from the link command line to improve linker performance
  ConsoleApplication1.vcxproj -> C:\Users\user\Documents\Visual Studio 2015\Projects\ConsoleApplication1\x64\Release\ConsoleApplication1.exe
